#
# There is insufficient memory for the Java Runtime Environment to continue.
# Native memory allocation (malloc) failed to allocate 32744 bytes for ChunkPool::allocate
# Possible reasons:
#   The system is out of physical RAM or swap space
#   In 32 bit mode, the process size limit was hit
# Possible solutions:
#   Reduce memory load on the system
#   Increase physical memory or swap space
#   Check if swap backing store is full
#   Use 64 bit Java on a 64 bit OS
#   Decrease Java heap size (-Xmx/-Xms)
#   Decrease number of Java threads
#   Decrease Java thread stack sizes (-Xss)
#   Set larger code cache with -XX:ReservedCodeCacheSize=
# This output file may be truncated or incomplete.
#
#  Out of Memory Error (allocation.cpp:273), pid=8468, tid=0x0000000000000a98
#
# JRE version: Java(TM) SE Runtime Environment (8.0_92-b14) (build 1.8.0_92-b14)
# Java VM: Java HotSpot(TM) 64-Bit Server VM (25.92-b14 mixed mode windows-amd64 compressed oops)
# Failed to write core dump. Minidumps are not enabled by default on client versions of Windows
#

---------------  T H R E A D  ---------------

Current thread (0x00000000152ac000):  JavaThread "C1 CompilerThread2" daemon [_thread_in_native, id=2712, stack(0x0000000016bb0000,0x0000000016cb0000)]

Stack: [0x0000000016bb0000,0x0000000016cb0000]
[error occurred during error reporting (printing stack bounds), id 0xc0000005]

Native frames: (J=compiled Java code, j=interpreted, Vv=VM code, C=native code)


Current CompileTask:
C1:  35640  661       3       java.lang.invoke.MethodType::toMethodDescriptorString (21 bytes)


---------------  P R O C E S S  ---------------

Java Threads: ( => current thread )
  0x0000000002b50800 JavaThread "DestroyJavaVM" [_thread_blocked, id=11952, stack(0x00000000029f0000,0x0000000002af0000)]
  0x000000001700f000 JavaThread "AWT-EventQueue-0" [_thread_blocked, id=8716, stack(0x00000000183e0000,0x00000000184e0000)]
  0x0000000017001000 JavaThread "AWT-Windows" daemon [_thread_in_vm, id=12508, stack(0x0000000017630000,0x0000000017730000)]
  0x0000000016ffe800 JavaThread "AWT-Shutdown" [_thread_blocked, id=14104, stack(0x0000000017530000,0x0000000017630000)]
  0x0000000016fad800 JavaThread "Java2D Disposer" daemon [_thread_blocked, id=6220, stack(0x0000000017430000,0x0000000017530000)]
  0x0000000016cb6000 JavaThread "Service Thread" daemon [_thread_blocked, id=2000, stack(0x00000000170b0000,0x00000000171b0000)]
=>0x00000000152ac000 JavaThread "C1 CompilerThread2" daemon [_thread_in_native, id=2712, stack(0x0000000016bb0000,0x0000000016cb0000)]
  0x00000000152a9800 JavaThread "C2 CompilerThread1" daemon [_thread_blocked, id=8316, stack(0x0000000016ab0000,0x0000000016bb0000)]
  0x000000001524c000 JavaThread "C2 CompilerThread0" daemon [_thread_blocked, id=1064, stack(0x00000000169b0000,0x0000000016ab0000)]
  0x000000001524b000 JavaThread "Attach Listener" daemon [_thread_blocked, id=10260, stack(0x00000000168b0000,0x00000000169b0000)]
  0x0000000015249800 JavaThread "Signal Dispatcher" daemon [_thread_blocked, id=9428, stack(0x00000000167b0000,0x00000000168b0000)]
  0x0000000002c4a000 JavaThread "Finalizer" daemon [_thread_blocked, id=3096, stack(0x00000000164c0000,0x00000000165c0000)]
  0x0000000002c3f000 JavaThread "Reference Handler" daemon [_thread_blocked, id=11124, stack(0x00000000163c0000,0x00000000164c0000)]

Other Threads:
  0x0000000015217800 VMThread [stack: 0x00000000162c0000,0x00000000163c0000] [id=13892]
  0x0000000016cc3800 WatcherThread [stack: 0x00000000171b0000,0x00000000172b0000] [id=4100]

VM state:not at safepoint (normal execution)

VM Mutex/Monitor currently owned by a thread: None

Heap:
 PSYoungGen      total 339968K, used 270268K [0x00000000eb200000, 0x0000000100000000, 0x0000000100000000)
  eden space 337920K, 79% used [0x00000000eb200000,0x00000000fb9ef020,0x00000000ffc00000)
  from space 2048K, 0% used [0x00000000ffc00000,0x00000000ffc00000,0x00000000ffe00000)
  to   space 2048K, 0% used [0x00000000ffe00000,0x00000000ffe00000,0x0000000100000000)
 ParOldGen       total 44032K, used 8003K [0x00000000c1600000, 0x00000000c4100000, 0x00000000eb200000)
  object space 44032K, 18% used [0x00000000c1600000,0x00000000c1dd0c80,0x00000000c4100000)
 Metaspace       used 9131K, capacity 9344K, committed 9600K, reserved 1058816K
  class space    used 1072K, capacity 1129K, committed 1152K, reserved 1048576K

Card table byte_map: [0x0000000012010000,0x0000000012210000] byte_map_base: 0x0000000011a05000

Marking Bits: (ParMarkBitMap*) 0x000000005b1164f0
 Begin Bits: [0x0000000012760000, 0x0000000013708000)
 End Bits:   [0x0000000013708000, 0x00000000146b0000)

Polling page: 0x0000000000e80000

CodeCache: size=245760Kb used=2734Kb max_used=2742Kb free=243025Kb
 bounds [0x0000000002c50000, 0x0000000002f00000, 0x0000000011c50000]
 total_blobs=1107 nmethods=660 adapters=360
 compilation: enabled

Compilation events (10 events):
Event: 15.706 Thread 0x00000000152ac000 nmethod 655 0x0000000002efa490 code [0x0000000002efa620, 0x0000000002efaa48]
Event: 15.706 Thread 0x00000000152ac000  656   !   3       java.util.concurrent.locks.AbstractQueuedSynchronizer::fullyRelease (54 bytes)
Event: 15.707 Thread 0x00000000152ac000 nmethod 656 0x0000000002ef8510 code [0x0000000002ef86c0, 0x0000000002ef8ca8]
Event: 21.271 Thread 0x00000000152a9800  657       4       sun.awt.AWTAutoShutdown::isReadyToShutdown (37 bytes)
Event: 21.274 Thread 0x00000000152a9800 nmethod 657 0x0000000002efa190 code [0x0000000002efa2e0, 0x0000000002efa398]
Event: 35.614 Thread 0x00000000152ac000  658       3       java.util.HashMap$EntryIterator::next (5 bytes)
Event: 35.615 Thread 0x00000000152ac000 nmethod 658 0x0000000002effad0 code [0x0000000002effc40, 0x0000000002efff28]
Event: 35.616 Thread 0x00000000152ac000  659       3       java.util.HashMap$EntryIterator::next (5 bytes)
Event: 35.616 Thread 0x00000000152ac000 nmethod 659 0x0000000002eff6d0 code [0x0000000002eff840, 0x0000000002effa48]
Event: 35.617 Thread 0x00000000152ac000  661       3       java.lang.invoke.MethodType::toMethodDescriptorString (21 bytes)

GC Heap History (10 events):
Event: 0.527 GC heap before
{Heap before GC invocations=7 (full 0):
 PSYoungGen      total 132608K, used 132080K [0x00000000eb200000, 0x00000000f3500000, 0x0000000100000000)
  eden space 131072K, 100% used [0x00000000eb200000,0x00000000f3200000,0x00000000f3200000)
  from space 1536K, 65% used [0x00000000f3380000,0x00000000f347c010,0x00000000f3500000)
  to   space 1536K, 0% used [0x00000000f3200000,0x00000000f3200000,0x00000000f3380000)
 ParOldGen       total 44032K, used 6991K [0x00000000c1600000, 0x00000000c4100000, 0x00000000eb200000)
  object space 44032K, 15% used [0x00000000c1600000,0x00000000c1cd3c20,0x00000000c4100000)
 Metaspace       used 6854K, capacity 7046K, committed 7296K, reserved 1056768K
  class space    used 788K, capacity 836K, committed 896K, reserved 1048576K
Event: 0.532 GC heap after
Heap after GC invocations=7 (full 0):
 PSYoungGen      total 132608K, used 0K [0x00000000eb200000, 0x00000000fb500000, 0x0000000100000000)
  eden space 131072K, 0% used [0x00000000eb200000,0x00000000eb200000,0x00000000f3200000)
  from space 1536K, 0% used [0x00000000f3200000,0x00000000f3200000,0x00000000f3380000)
  to   space 1536K, 0% used [0x00000000fb380000,0x00000000fb380000,0x00000000fb500000)
 ParOldGen       total 44032K, used 8003K [0x00000000c1600000, 0x00000000c4100000, 0x00000000eb200000)
  object space 44032K, 18% used [0x00000000c1600000,0x00000000c1dd0c80,0x00000000c4100000)
 Metaspace       used 6854K, capacity 7046K, committed 7296K, reserved 1056768K
  class space    used 788K, capacity 836K, committed 896K, reserved 1048576K
}
Event: 0.568 GC heap before
{Heap before GC invocations=8 (full 0):
 PSYoungGen      total 132608K, used 131072K [0x00000000eb200000, 0x00000000fb500000, 0x0000000100000000)
  eden space 131072K, 100% used [0x00000000eb200000,0x00000000f3200000,0x00000000f3200000)
  from space 1536K, 0% used [0x00000000f3200000,0x00000000f3200000,0x00000000f3380000)
  to   space 1536K, 0% used [0x00000000fb380000,0x00000000fb380000,0x00000000fb500000)
 ParOldGen       total 44032K, used 8003K [0x00000000c1600000, 0x00000000c4100000, 0x00000000eb200000)
  object space 44032K, 18% used [0x00000000c1600000,0x00000000c1dd0c80,0x00000000c4100000)
 Metaspace       used 6854K, capacity 7046K, committed 7296K, reserved 1056768K
  class space    used 788K, capacity 836K, committed 896K, reserved 1048576K
Event: 0.569 GC heap after
Heap after GC invocations=8 (full 0):
 PSYoungGen      total 263680K, used 0K [0x00000000eb200000, 0x00000000fb500000, 0x0000000100000000)
  eden space 262144K, 0% used [0x00000000eb200000,0x00000000eb200000,0x00000000fb200000)
  from space 1536K, 0% used [0x00000000fb380000,0x00000000fb380000,0x00000000fb500000)
  to   space 1536K, 0% used [0x00000000fb200000,0x00000000fb200000,0x00000000fb380000)
 ParOldGen       total 44032K, used 8003K [0x00000000c1600000, 0x00000000c4100000, 0x00000000eb200000)
  object space 44032K, 18% used [0x00000000c1600000,0x00000000c1dd0c80,0x00000000c4100000)
 Metaspace       used 6854K, capacity 7046K, committed 7296K, reserved 1056768K
  class space    used 788K, capacity 836K, committed 896K, reserved 1048576K
}
Event: 0.692 GC heap before
{Heap before GC invocations=9 (full 0):
 PSYoungGen      total 263680K, used 262144K [0x00000000eb200000, 0x00000000fb500000, 0x0000000100000000)
  eden space 262144K, 100% used [0x00000000eb200000,0x00000000fb200000,0x00000000fb200000)
  from space 1536K, 0% used [0x00000000fb380000,0x00000000fb380000,0x00000000fb500000)
  to   space 1536K, 0% used [0x00000000fb200000,0x00000000fb200000,0x00000000fb380000)
 ParOldGen       total 44032K, used 8003K [0x00000000c1600000, 0x00000000c4100000, 0x00000000eb200000)
  object space 44032K, 18% used [0x00000000c1600000,0x00000000c1dd0c80,0x00000000c4100000)
 Metaspace       used 6854K, capacity 7046K, committed 7296K, reserved 1056768K
  class space    used 788K, capacity 836K, committed 896K, reserved 1048576K
Event: 0.693 GC heap after
Heap after GC invocations=9 (full 0):
 PSYoungGen      total 263680K, used 0K [0x00000000eb200000, 0x0000000100000000, 0x0000000100000000)
  eden space 262144K, 0% used [0x00000000eb200000,0x00000000eb200000,0x00000000fb200000)
  from space 1536K, 0% used [0x00000000fb200000,0x00000000fb200000,0x00000000fb380000)
  to   space 2048K, 0% used [0x00000000ffe00000,0x00000000ffe00000,0x0000000100000000)
 ParOldGen       total 44032K, used 8003K [0x00000000c1600000, 0x00000000c4100000, 0x00000000eb200000)
  object space 44032K, 18% used [0x00000000c1600000,0x00000000c1dd0c80,0x00000000c4100000)
 Metaspace       used 6854K, capacity 7046K, committed 7296K, reserved 1056768K
  class space    used 788K, capacity 836K, committed 896K, reserved 1048576K
}
Event: 0.758 GC heap before
{Heap before GC invocations=10 (full 0):
 PSYoungGen      total 263680K, used 262144K [0x00000000eb200000, 0x0000000100000000, 0x0000000100000000)
  eden space 262144K, 100% used [0x00000000eb200000,0x00000000fb200000,0x00000000fb200000)
  from space 1536K, 0% used [0x00000000fb200000,0x00000000fb200000,0x00000000fb380000)
  to   space 2048K, 0% used [0x00000000ffe00000,0x00000000ffe00000,0x0000000100000000)
 ParOldGen       total 44032K, used 8003K [0x00000000c1600000, 0x00000000c4100000, 0x00000000eb200000)
  object space 44032K, 18% used [0x00000000c1600000,0x00000000c1dd0c80,0x00000000c4100000)
 Metaspace       used 6854K, capacity 7046K, committed 7296K, reserved 1056768K
  class space    used 788K, capacity 836K, committed 896K, reserved 1048576K
Event: 0.759 GC heap after
Heap after GC invocations=10 (full 0):
 PSYoungGen      total 339968K, used 0K [0x00000000eb200000, 0x0000000100000000, 0x0000000100000000)
  eden space 337920K, 0% used [0x00000000eb200000,0x00000000eb200000,0x00000000ffc00000)
  from space 2048K, 0% used [0x00000000ffe00000,0x00000000ffe00000,0x0000000100000000)
  to   space 2048K, 0% used [0x00000000ffc00000,0x00000000ffc00000,0x00000000ffe00000)
 ParOldGen       total 44032K, used 8003K [0x00000000c1600000, 0x00000000c4100000, 0x00000000eb200000)
  object space 44032K, 18% used [0x00000000c1600000,0x00000000c1dd0c80,0x00000000c4100000)
 Metaspace       used 6854K, capacity 7046K, committed 7296K, reserved 1056768K
  class space    used 788K, capacity 836K, committed 896K, reserved 1048576K
}
Event: 0.889 GC heap before
{Heap before GC invocations=11 (full 0):
 PSYoungGen      total 339968K, used 337920K [0x00000000eb200000, 0x0000000100000000, 0x0000000100000000)
  eden space 337920K, 100% used [0x00000000eb200000,0x00000000ffc00000,0x00000000ffc00000)
  from space 2048K, 0% used [0x00000000ffe00000,0x00000000ffe00000,0x0000000100000000)
  to   space 2048K, 0% used [0x00000000ffc00000,0x00000000ffc00000,0x00000000ffe00000)
 ParOldGen       total 44032K, used 8003K [0x00000000c1600000, 0x00000000c4100000, 0x00000000eb200000)
  object space 44032K, 18% used [0x00000000c1600000,0x00000000c1dd0c80,0x00000000c4100000)
 Metaspace       used 6854K, capacity 7046K, committed 7296K, reserved 1056768K
  class space    used 788K, capacity 836K, committed 896K, reserved 1048576K
Event: 0.889 GC heap after
Heap after GC invocations=11 (full 0):
 PSYoungGen      total 339968K, used 0K [0x00000000eb200000, 0x0000000100000000, 0x0000000100000000)
  eden space 337920K, 0% used [0x00000000eb200000,0x00000000eb200000,0x00000000ffc00000)
  from space 2048K, 0% used [0x00000000ffc00000,0x00000000ffc00000,0x00000000ffe00000)
  to   space 2048K, 0% used [0x00000000ffe00000,0x00000000ffe00000,0x0000000100000000)
 ParOldGen       total 44032K, used 8003K [0x00000000c1600000, 0x00000000c4100000, 0x00000000eb200000)
  object space 44032K, 18% used [0x00000000c1600000,0x00000000c1dd0c80,0x00000000c4100000)
 Metaspace       used 6854K, capacity 7046K, committed 7296K, reserved 1056768K
  class space    used 788K, capacity 836K, committed 896K, reserved 1048576K
}

Deoptimization events (1 events):
Event: 0.278 Thread 0x0000000002b50800 Uncommon trap: reason=null_check action=make_not_entrant pc=0x0000000002dd0b9c method=java.lang.String.equals(Ljava/lang/Object;)Z @ 8

Internal exceptions (10 events):
Event: 0.043 Thread 0x0000000002b50800 Exception <a 'java/lang/NoSuchMethodError': Method sun.misc.Unsafe.prefetchRead(Ljava/lang/Object;J)V name or signature does not match> (0x00000000eb207fa8) thrown at [D:\re\workspace\8-2-build-windows-amd64-cygwin\jdk8u92\6642\hotspot\src\share\vm\prims\jCÊ5©–ÏÂ?
Event: 0.147 Thread 0x0000000002b50800 Exception <a 'java/security/PrivilegedActionException'> (0x00000000eb28a4e0) thrown at [D:\re\workspace\8-2-build-windows-amd64-cygwin\jdk8u92\6642\hotspot\src\share\vm\prims\jvm.cpp, line 1386]
Event: 0.147 Thread 0x0000000002b50800 Exception <a 'java/security/PrivilegedActionException'> (0x00000000eb28a6f0) thrown at [D:\re\workspace\8-2-build-windows-amd64-cygwin\jdk8u92\6642\hotspot\src\share\vm\prims\jvm.cpp, line 1386]
Event: 0.148 Thread 0x0000000002b50800 Exception <a 'java/security/PrivilegedActionException'> (0x00000000eb28e538) thrown at [D:\re\workspace\8-2-build-windows-amd64-cygwin\jdk8u92\6642\hotspot\src\share\vm\prims\jvm.cpp, line 1386]
Event: 0.148 Thread 0x0000000002b50800 Exception <a 'java/security/PrivilegedActionException'> (0x00000000eb28e748) thrown at [D:\re\workspace\8-2-build-windows-amd64-cygwin\jdk8u92\6642\hotspot\src\share\vm\prims\jvm.cpp, line 1386]
Event: 0.157 Thread 0x0000000002b50800 Exception <a 'java/io/FileNotFoundException'> (0x00000000eb290c70) thrown at [D:\re\workspace\8-2-build-windows-amd64-cygwin\jdk8u92\6642\hotspot\src\share\vm\prims\jni.cpp, line 709]
Event: 0.202 Thread 0x0000000002b50800 Exception <a 'java/lang/NoSuchFieldError': method resolution failed> (0x00000000eb3b0298) thrown at [D:\re\workspace\8-2-build-windows-amd64-cygwin\jdk8u92\6642\hotspot\src\share\vm\prims\methodHandles.cpp, line 1146]
Event: 0.212 Thread 0x0000000002b50800 Exception <a 'java/lang/NoSuchFieldError': method resolution failed> (0x00000000eb3bd668) thrown at [D:\re\workspace\8-2-build-windows-amd64-cygwin\jdk8u92\6642\hotspot\src\share\vm\prims\methodHandles.cpp, line 1146]
Event: 0.251 Thread 0x0000000002b50800 Exception <a 'java/io/FileNotFoundException'> (0x00000000eb4511a8) thrown at [D:\re\workspace\8-2-build-windows-amd64-cygwin\jdk8u92\6642\hotspot\src\share\vm\prims\jni.cpp, line 709]
Event: 0.278 Thread 0x0000000002b50800 Implicit null exception at 0x0000000002dd09db to 0x0000000002dd0b8d

Events (10 events):
Event: 13.296 loading class javax/swing/ClientPropertyKey$1
Event: 13.296 loading class sun/awt/AWTAccessor$ClientPropertyKeyAccessor
Event: 13.296 loading class sun/awt/AWTAccessor$ClientPropertyKeyAccessor done
Event: 13.296 loading class javax/swing/ClientPropertyKey$1 done
Event: 15.539 loading class java/awt/event/MouseWheelEvent
Event: 15.541 loading class java/awt/event/MouseWheelEvent done
Event: 21.986 loading class java/awt/KeyboardFocusManager$2
Event: 21.989 loading class java/awt/KeyboardFocusManager$2 done
Event: 21.989 loading class sun/awt/SunToolkit$1
Event: 21.991 loading class sun/awt/SunToolkit$1 done


Dynamic libraries:
0x00007ff7b9080000 - 0x00007ff7b90b7000 	C:\Program Files\Java\jdk1.8.0_92\bin\javaw.exe
0x00007fffba8f0000 - 0x00007fffbaac2000 	C:\WINDOWS\SYSTEM32\ntdll.dll
0x00007fffb9c20000 - 0x00007fffb9ccc000 	C:\WINDOWS\System32\KERNEL32.DLL
0x00007fffb6df0000 - 0x00007fffb700d000 	C:\WINDOWS\System32\KERNELBASE.dll
0x00007fffb8070000 - 0x00007fffb8112000 	C:\WINDOWS\System32\ADVAPI32.dll
0x00007fffb8290000 - 0x00007fffb832e000 	C:\WINDOWS\System32\msvcrt.dll
0x00007fffb8330000 - 0x00007fffb8389000 	C:\WINDOWS\System32\sechost.dll
0x00007fffb7e80000 - 0x00007fffb7fa1000 	C:\WINDOWS\System32\RPCRT4.dll
0x00007fffb8120000 - 0x00007fffb8285000 	C:\WINDOWS\System32\USER32.dll
0x00007fffb7e60000 - 0x00007fffb7e7e000 	C:\WINDOWS\System32\win32u.dll
0x00007fffb8030000 - 0x00007fffb8064000 	C:\WINDOWS\System32\GDI32.dll
0x00007fffb7800000 - 0x00007fffb7980000 	C:\WINDOWS\System32\gdi32full.dll
0x00007fffa8780000 - 0x00007fffa89fa000 	C:\WINDOWS\WinSxS\amd64_microsoft.windows.common-controls_6595b64144ccf1df_6.0.14393.953_none_42151e83c686086b\COMCTL32.dll
0x00007fffba140000 - 0x00007fffba408000 	C:\WINDOWS\System32\combase.dll
0x00007fffb7aa0000 - 0x00007fffb7b95000 	C:\WINDOWS\System32\ucrtbase.dll
0x00007fffb7980000 - 0x00007fffb79ea000 	C:\WINDOWS\System32\bcryptPrimitives.dll
0x00007fffb9cd0000 - 0x00007fffb9cfe000 	C:\WINDOWS\System32\IMM32.DLL
0x000000005b4e0000 - 0x000000005b5b2000 	C:\Program Files\Java\jdk1.8.0_92\jre\bin\msvcr100.dll
0x000000005a900000 - 0x000000005b196000 	C:\Program Files\Java\jdk1.8.0_92\jre\bin\server\jvm.dll
0x00007fffb9d00000 - 0x00007fffb9d08000 	C:\WINDOWS\System32\PSAPI.DLL
0x00007fffb4930000 - 0x00007fffb4939000 	C:\WINDOWS\SYSTEM32\WSOCK32.dll
0x00007fffb9bb0000 - 0x00007fffb9c1a000 	C:\WINDOWS\System32\WS2_32.dll
0x00007fffb52a0000 - 0x00007fffb52c3000 	C:\WINDOWS\SYSTEM32\WINMM.dll
0x00007fffacb30000 - 0x00007fffacb3a000 	C:\WINDOWS\SYSTEM32\VERSION.dll
0x00007fffb5270000 - 0x00007fffb529b000 	C:\WINDOWS\SYSTEM32\WINMMBASE.dll
0x00007fffb7ba0000 - 0x00007fffb7be2000 	C:\WINDOWS\System32\cfgmgr32.dll
0x000000005b690000 - 0x000000005b69f000 	C:\Program Files\Java\jdk1.8.0_92\jre\bin\verify.dll
0x000000005b660000 - 0x000000005b689000 	C:\Program Files\Java\jdk1.8.0_92\jre\bin\java.dll
0x000000005b640000 - 0x000000005b656000 	C:\Program Files\Java\jdk1.8.0_92\jre\bin\zip.dll
0x00007fffb8540000 - 0x00007fffb9a48000 	C:\WINDOWS\System32\SHELL32.dll
0x00007fffb7070000 - 0x00007fffb7748000 	C:\WINDOWS\System32\windows.storage.dll
0x00007fffb6da0000 - 0x00007fffb6dec000 	C:\WINDOWS\System32\powrprof.dll
0x00007fffba570000 - 0x00007fffba5c2000 	C:\WINDOWS\System32\shlwapi.dll
0x00007fffb6d60000 - 0x00007fffb6d6f000 	C:\WINDOWS\System32\kernel.appcore.dll
0x00007fffb7750000 - 0x00007fffb77f9000 	C:\WINDOWS\System32\shcore.dll
0x00007fffb6d80000 - 0x00007fffb6d94000 	C:\WINDOWS\System32\profapi.dll
0x000000005b340000 - 0x000000005b4d8000 	C:\Program Files\Java\jdk1.8.0_92\jre\bin\awt.dll
0x00007fffba5d0000 - 0x00007fffba68f000 	C:\WINDOWS\System32\OLEAUT32.dll
0x00007fffb7bf0000 - 0x00007fffb7c8c000 	C:\WINDOWS\System32\msvcp_win.dll
0x00007fffb53c0000 - 0x00007fffb543a000 	C:\WINDOWS\SYSTEM32\apphelp.dll
0x00007fffb4d00000 - 0x00007fffb4d26000 	C:\WINDOWS\system32\DWMAPI.DLL
0x00007fffb5560000 - 0x00007fffb55f5000 	C:\WINDOWS\system32\uxtheme.dll
0x00007fffb9a50000 - 0x00007fffb9baa000 	C:\WINDOWS\System32\MSCTF.dll
0x00007fffa1b60000 - 0x00007fffa1bf8000 	C:\Program Files\Common Files\microsoft shared\ink\tiptsf.dll
0x00007fffb83f0000 - 0x00007fffb8528000 	C:\WINDOWS\System32\ole32.dll
0x000000005b2f0000 - 0x000000005b337000 	C:\Program Files\Java\jdk1.8.0_92\jre\bin\fontmanager.dll
0x00007fffba830000 - 0x00007fffba8cf000 	C:\WINDOWS\System32\clbcatq.dll
0x00007fffa1cb0000 - 0x00007fffa1e5a000 	C:\Windows\System32\uiautomationcore.dll
0x00007fffb6520000 - 0x00007fffb653f000 	C:\Windows\System32\USERENV.dll
0x00007fffb6c00000 - 0x00007fffb6c98000 	C:\WINDOWS\SYSTEM32\sxs.dll
0x00007fffa1490000 - 0x00007fffa14f5000 	C:\Windows\System32\OLEACC.dll
0x00007fffa1ec0000 - 0x00007fffa1f3d000 	C:\WINDOWS\SYSTEM32\twinapi.dll
0x00007fffb5900000 - 0x00007fffb5a1c000 	C:\WINDOWS\SYSTEM32\twinapi.appcore.dll
0x00007fffb6ca0000 - 0x00007fffb6ccb000 	C:\WINDOWS\SYSTEM32\bcrypt.dll
0x000000005b620000 - 0x000000005b63a000 	C:\Program Files\Java\jdk1.8.0_92\jre\bin\net.dll
0x00007fffb6690000 - 0x00007fffb66ec000 	C:\WINDOWS\system32\mswsock.dll
0x000000005b600000 - 0x000000005b611000 	C:\Program Files\Java\jdk1.8.0_92\jre\bin\nio.dll
0x000000005a8b0000 - 0x000000005a8f2000 	C:\Program Files\Java\jdk1.8.0_92\jre\bin\t2k.dll
0x00007fffa1e60000 - 0x00007fffa1ebe000 	C:\WINDOWS\system32\Ninput.dll

VM Arguments:
jvm_args: -Dfile.encoding=Cp1252 
java_command: MainClass
java_class_path (initial): C:\Users\Ville\workspace\Mandelbrot-Set\bin
Launcher Type: SUN_STANDARD

Environment Variables:
PATH=C:/Program Files/Java/jdk1.8.0_92/jre/bin/server;C:/Program Files/Java/jdk1.8.0_92/jre/bin;C:/Program Files/Java/jdk1.8.0_92/jre/lib/amd64;C:\Program Files\Haskell\bin;C:\Program Files\Haskell Platform\8.0.2\lib\extralibs\bin;C:\Program Files\Haskell Platform\8.0.2\bin;C:\ProgramData\Oracle\Java\javapath;C:\Program Files (x86)\NVIDIA Corporation\PhysX\Common;C:\WINDOWS\system32;C:\WINDOWS;C:\WINDOWS\System32\Wbem;C:\WINDOWS\System32\WindowsPowerShell\v1.0\;C:\Anaconda3;C:\Anaconda3\Scripts;C:\Anaconda3\Library\bin;C:\Program Files\MATLAB\R2016b\bin;C:\Program Files\Git\cmd;C:\Program Files\Haskell Platform\8.0.2\mingw\bin;C:\Program Files (x86)\GtkSharp\2.12\bin;C:\Program Files\nodejs\;C:\Users\Ville\AppData\Roaming\cabal\bin;C:\Users\Ville\AppData\Roaming\local\bin;C:\Users\Ville\AppData\Local\Microsoft\WindowsApps;C:\Users\Ville\AppData\Local\atom\bin;C:\Users\Ville\AppData\Roaming\npm;C:\Users\Ville\Desktop;
USERNAME=Ville
OS=Windows_NT
PROCESSOR_IDENTIFIER=Intel64 Family 6 Model 69 Stepping 1, GenuineIntel



---------------  S Y S T E M  ---------------

OS: Windows 10.0 , 64 bit Build 14393 (10.0.14393.1198)

CPU:total 4 (2 cores per cpu, 2 threads per core) family 6 model 69 stepping 1, cmov, cx8, fxsr, mmx, sse, sse2, sse3, ssse3, sse4.1, sse4.2, popcnt, avx, avx2, aes, clmul, erms, lzcnt, ht, tsc, tscinvbit, bmi1, bmi2

Memory: 4k page, physical 4097112k(153224k free), swap 16680024k(0k free)

vm_info: Java HotSpot(TM) 64-Bit Server VM (25.92-b14) for windows-amd64 JRE (1.8.0_92-b14), built on Mar 31 2016 21:03:04 by "java_re" with MS VC++ 10.0 (VS2010)

time: Mon Dec 25 18:05:03 2017
elapsed time: 35 seconds (0d 0h 0m 35s)

